<?xml version="1.0" encoding="UTF-8"?>
<!-- Generated by org.testng.reporters.JUnitReportReporter -->
<testsuite skipped="0" hostname="LAPTOP-TO602G7N" name="Test_Done.RunTest" tests="1" failures="0" timestamp="30 Aug 2020 17:51:45 GMT" time="7.407" errors="0">
  <testcase name="launch" time="7.407" classname="Test_Done.RunTest"/>
</testsuite> <!-- Test_Done.RunTest -->
